<?xml version="1.0" encoding="UTF-8"?>
<!-- Generated by org.testng.reporters.JUnitReportReporter -->
<testsuite hostname="LTIN486037" failures="0" tests="4" name="TestNG.ParallelTesting" time="3.796" errors="0" timestamp="2024-03-25T11:04:19 IST" skipped="0">
  <testcase classname="TestNG.ParallelTesting" name="TestLogo" time="0.046"/>
  <testcase classname="TestNG.ParallelTesting" name="TestLogo" time="0.084"/>
  <testcase classname="TestNG.ParallelTesting" name="SearchProduct" time="2.073"/>
  <testcase classname="TestNG.ParallelTesting" name="SearchProduct" time="1.593"/>
</testsuite> <!-- TestNG.ParallelTesting -->
