<?xml version="1.0" encoding="UTF-8"?>
<!-- Generated by org.testng.reporters.JUnitReportReporter -->
<testsuite hostname="LTIN486037" failures="0" tests="2" name="TestNG.AllAnnotations" time="0.009" errors="0" timestamp="2024-03-21T10:22:17 IST" skipped="0">
  <testcase classname="TestNG.AllAnnotations" name="test1" time="0.008"/>
  <testcase classname="TestNG.AllAnnotations" name="test2" time="0.001"/>
</testsuite> <!-- TestNG.AllAnnotations -->
