<?xml version="1.0" encoding="UTF-8"?>
<!-- Generated by org.testng.reporters.JUnitReportReporter -->
<testsuite hostname="LTIN486037" failures="0" tests="3" name="TestNG.Grouping" time="0.014" errors="0" timestamp="2024-03-24T10:06:30 IST" skipped="0">
  <testcase classname="TestNG.Grouping" name="signupByFacebook" time="0.011"/>
  <testcase classname="TestNG.Grouping" name="signupByTwitter" time="0.002"/>
  <testcase classname="TestNG.Grouping" name="paymentReturnByBank" time="0.001"/>
</testsuite> <!-- TestNG.Grouping -->
