<?xml version="1.0" encoding="UTF-8"?>
<!-- Generated by org.testng.reporters.JUnitReportReporter -->
<testsuite hostname="LTIN486037" failures="0" tests="1" name="TestNG.ExtentReportsDemo" time="0.940" errors="0" timestamp="2024-03-27T10:32:29 IST" skipped="0">
  <testcase classname="TestNG.ExtentReportsDemo" name="login" time="0.940"/>
</testsuite> <!-- TestNG.ExtentReportsDemo -->
